\BOOKMARK [1][-]{section.1}{Zad\341n\355}{}% 1
\BOOKMARK [1][-]{section.2}{\332daje o bonusov\375ch \372loh\341ch}{}% 2
\BOOKMARK [1][-]{section.3}{Popis a rozbor probl\351mu}{}% 3
\BOOKMARK [1][-]{section.4}{Popis algoritmu}{}% 4
\BOOKMARK [2][-]{subsection.4.1}{V\375pocet prusec\355ku}{section.4}% 5
\BOOKMARK [3][-]{subsubsection.4.1.1}{Implementace metody}{subsection.4.1}% 6
\BOOKMARK [2][-]{subsection.4.2}{Fragmenty}{section.4}% 7
\BOOKMARK [3][-]{subsubsection.4.2.1}{Vytvoren\355 fragmentu - implementace metody}{subsection.4.2}% 8
\BOOKMARK [3][-]{subsubsection.4.2.2}{Sestaven\355 oblast\355 z fragmentu - implementace metody}{subsection.4.2}% 9
\BOOKMARK [3][-]{subsubsection.4.2.3}{Vytvoren\355 polygonu z fragmentu - implementace metody}{subsection.4.2}% 10
\BOOKMARK [2][-]{subsection.4.3}{Mno\236inov\351 operace}{section.4}% 11
\BOOKMARK [3][-]{subsubsection.4.3.1}{Implementace metody}{subsection.4.3}% 12
\BOOKMARK [1][-]{section.5}{Vstupn\355 data}{}% 13
\BOOKMARK [1][-]{section.6}{V\375stupn\355 data}{}% 14
\BOOKMARK [1][-]{section.7}{Uk\341zka vytvoren\351 aplikace}{}% 15
\BOOKMARK [2][-]{subsection.7.1}{Algorithms}{section.7}% 16
\BOOKMARK [2][-]{subsection.7.2}{Draw}{section.7}% 17
\BOOKMARK [2][-]{subsection.7.3}{SortByXAsc, SortByYAsc, SortByAngleAsc}{section.7}% 18
\BOOKMARK [2][-]{subsection.7.4}{Widget}{section.7}% 19
\BOOKMARK [2][-]{subsection.7.5}{HelpDialog}{section.7}% 20
\BOOKMARK [1][-]{section.8}{Pr\355lohy}{}% 21
\BOOKMARK [1][-]{section.9}{Z\341ver}{}% 22
\BOOKMARK [2][-]{subsection.9.1}{N\341vrhy na vylep\235en\355}{section.9}% 23
\BOOKMARK [1][-]{section.10}{Zdroje}{}% 24
